  generate-pi.cpp
C:\Repositories\pi-search\cpp\pi-search\pi-search\GMP\gmp.h(1785,19): warning C4244: 'return': conversion from 'mp_limb_t' to 'unsigned long', possible loss of data
C:\Repositories\pi-search\cpp\pi-search\pi-search\GMP\gmp.h(2230,16): error C4146: unary minus operator applied to unsigned type, result still unsigned
C:\Repositories\pi-search\cpp\pi-search\pi-search\GMP\gmpxx.h(101,26): error C4146: unary minus operator applied to unsigned type, result still unsigned
C:\Repositories\pi-search\cpp\pi-search\pi-search\GMP\gmpxx.h(155,6): error C4146: unary minus operator applied to unsigned type, result still unsigned
C:\Repositories\pi-search\cpp\pi-search\pi-search\GMP\gmpxx.h(206,24): error C4146: unary minus operator applied to unsigned type, result still unsigned
C:\Repositories\pi-search\cpp\pi-search\pi-search\GMP\gmpxx.h(278,24): error C4146: unary minus operator applied to unsigned type, result still unsigned
C:\Repositories\pi-search\cpp\pi-search\pi-search\GMP\gmpxx.h(322,24): error C4146: unary minus operator applied to unsigned type, result still unsigned
C:\Repositories\pi-search\cpp\pi-search\pi-search\GMP\gmpxx.h(330,26): error C4146: unary minus operator applied to unsigned type, result still unsigned
C:\Repositories\pi-search\cpp\pi-search\pi-search\GMP\gmpxx.h(372,37): error C4146: unary minus operator applied to unsigned type, result still unsigned
C:\Repositories\pi-search\cpp\pi-search\pi-search\GMP\gmpxx.h(407,24): error C4146: unary minus operator applied to unsigned type, result still unsigned
C:\Repositories\pi-search\cpp\pi-search\pi-search\GMP\gmpxx.h(414,24): error C4146: unary minus operator applied to unsigned type, result still unsigned
C:\Repositories\pi-search\cpp\pi-search\pi-search\GMP\gmpxx.h(442,36): error C4146: unary minus operator applied to unsigned type, result still unsigned
C:\Repositories\pi-search\cpp\pi-search\pi-search\GMP\gmpxx.h(525,20): error C4146: unary minus operator applied to unsigned type, result still unsigned
C:\Repositories\pi-search\cpp\pi-search\pi-search\GMP\gmpxx.h(570,20): error C4146: unary minus operator applied to unsigned type, result still unsigned
C:\Repositories\pi-search\cpp\pi-search\pi-search\GMP\gmpxx.h(599,19): error C4146: unary minus operator applied to unsigned type, result still unsigned
C:\Repositories\pi-search\cpp\pi-search\pi-search\GMP\gmpxx.h(667,13): error C4146: unary minus operator applied to unsigned type, result still unsigned
C:\Repositories\pi-search\cpp\pi-search\pi-search\GMP\gmpxx.h(720,20): error C4146: unary minus operator applied to unsigned type, result still unsigned
C:\Repositories\pi-search\cpp\pi-search\pi-search\GMP\gmpxx.h(764,19): error C4146: unary minus operator applied to unsigned type, result still unsigned
C:\Repositories\pi-search\cpp\pi-search\pi-search\GMP\gmpxx.h(774,16): error C4146: unary minus operator applied to unsigned type, result still unsigned
C:\Repositories\pi-search\cpp\pi-search\pi-search\GMP\gmpxx.h(1292,10): error C4146: unary minus operator applied to unsigned type, result still unsigned
C:\Repositories\pi-search\cpp\pi-search\pi-search\GMP\gmpxx.h(1593,12): error C4146: unary minus operator applied to unsigned type, result still unsigned
C:\Repositories\pi-search\cpp\pi-search\pi-search\GMP\gmpxx.h(1617,10): error C4146: unary minus operator applied to unsigned type, result still unsigned
C:\Repositories\pi-search\cpp\pi-search\pi-search\generate-pi.cpp(12,19): warning C4244: 'initializing': conversion from 'double' to 'int', possible loss of data
C:\Repositories\pi-search\cpp\pi-search\pi-search\generate-pi.cpp(50,57): warning C4244: 'argument': conversion from 'double' to 'int', possible loss of data
C:\Repositories\pi-search\cpp\pi-search\pi-search\generate-pi.cpp(50,46): warning C4244: 'argument': conversion from 'double' to 'int', possible loss of data
C:\Repositories\pi-search\cpp\pi-search\pi-search\generate-pi.cpp(51,57): warning C4244: 'argument': conversion from 'double' to 'int', possible loss of data
C:\Repositories\pi-search\cpp\pi-search\pi-search\generate-pi.cpp(51,43): warning C4244: 'argument': conversion from 'double' to 'int', possible loss of data
C:\Repositories\pi-search\cpp\pi-search\pi-search\generate-pi.cpp(63,11): warning C4244: 'initializing': conversion from 'double' to 'int', possible loss of data
  pi-search.cpp
C:\Repositories\pi-search\cpp\pi-search\pi-search\GMP\gmp.h(1785,19): warning C4244: 'return': conversion from 'mp_limb_t' to 'unsigned long', possible loss of data
C:\Repositories\pi-search\cpp\pi-search\pi-search\GMP\gmp.h(2230,16): error C4146: unary minus operator applied to unsigned type, result still unsigned
C:\Repositories\pi-search\cpp\pi-search\pi-search\GMP\gmpxx.h(101,26): error C4146: unary minus operator applied to unsigned type, result still unsigned
C:\Repositories\pi-search\cpp\pi-search\pi-search\GMP\gmpxx.h(155,6): error C4146: unary minus operator applied to unsigned type, result still unsigned
C:\Repositories\pi-search\cpp\pi-search\pi-search\GMP\gmpxx.h(206,24): error C4146: unary minus operator applied to unsigned type, result still unsigned
C:\Repositories\pi-search\cpp\pi-search\pi-search\GMP\gmpxx.h(278,24): error C4146: unary minus operator applied to unsigned type, result still unsigned
C:\Repositories\pi-search\cpp\pi-search\pi-search\GMP\gmpxx.h(322,24): error C4146: unary minus operator applied to unsigned type, result still unsigned
C:\Repositories\pi-search\cpp\pi-search\pi-search\GMP\gmpxx.h(330,26): error C4146: unary minus operator applied to unsigned type, result still unsigned
C:\Repositories\pi-search\cpp\pi-search\pi-search\GMP\gmpxx.h(372,37): error C4146: unary minus operator applied to unsigned type, result still unsigned
C:\Repositories\pi-search\cpp\pi-search\pi-search\GMP\gmpxx.h(407,24): error C4146: unary minus operator applied to unsigned type, result still unsigned
C:\Repositories\pi-search\cpp\pi-search\pi-search\GMP\gmpxx.h(414,24): error C4146: unary minus operator applied to unsigned type, result still unsigned
C:\Repositories\pi-search\cpp\pi-search\pi-search\GMP\gmpxx.h(442,36): error C4146: unary minus operator applied to unsigned type, result still unsigned
C:\Repositories\pi-search\cpp\pi-search\pi-search\GMP\gmpxx.h(525,20): error C4146: unary minus operator applied to unsigned type, result still unsigned
C:\Repositories\pi-search\cpp\pi-search\pi-search\GMP\gmpxx.h(570,20): error C4146: unary minus operator applied to unsigned type, result still unsigned
C:\Repositories\pi-search\cpp\pi-search\pi-search\GMP\gmpxx.h(599,19): error C4146: unary minus operator applied to unsigned type, result still unsigned
C:\Repositories\pi-search\cpp\pi-search\pi-search\GMP\gmpxx.h(667,13): error C4146: unary minus operator applied to unsigned type, result still unsigned
C:\Repositories\pi-search\cpp\pi-search\pi-search\GMP\gmpxx.h(720,20): error C4146: unary minus operator applied to unsigned type, result still unsigned
C:\Repositories\pi-search\cpp\pi-search\pi-search\GMP\gmpxx.h(764,19): error C4146: unary minus operator applied to unsigned type, result still unsigned
C:\Repositories\pi-search\cpp\pi-search\pi-search\GMP\gmpxx.h(774,16): error C4146: unary minus operator applied to unsigned type, result still unsigned
C:\Repositories\pi-search\cpp\pi-search\pi-search\GMP\gmpxx.h(1292,10): error C4146: unary minus operator applied to unsigned type, result still unsigned
C:\Repositories\pi-search\cpp\pi-search\pi-search\GMP\gmpxx.h(1593,12): error C4146: unary minus operator applied to unsigned type, result still unsigned
C:\Repositories\pi-search\cpp\pi-search\pi-search\GMP\gmpxx.h(1617,10): error C4146: unary minus operator applied to unsigned type, result still unsigned
C:\Repositories\pi-search\cpp\pi-search\pi-search\generate-pi.cpp(12,19): warning C4244: 'initializing': conversion from 'double' to 'int', possible loss of data
C:\Repositories\pi-search\cpp\pi-search\pi-search\generate-pi.cpp(50,57): warning C4244: 'argument': conversion from 'double' to 'int', possible loss of data
C:\Repositories\pi-search\cpp\pi-search\pi-search\generate-pi.cpp(50,46): warning C4244: 'argument': conversion from 'double' to 'int', possible loss of data
C:\Repositories\pi-search\cpp\pi-search\pi-search\generate-pi.cpp(51,57): warning C4244: 'argument': conversion from 'double' to 'int', possible loss of data
C:\Repositories\pi-search\cpp\pi-search\pi-search\generate-pi.cpp(51,43): warning C4244: 'argument': conversion from 'double' to 'int', possible loss of data
C:\Repositories\pi-search\cpp\pi-search\pi-search\generate-pi.cpp(63,11): warning C4244: 'initializing': conversion from 'double' to 'int', possible loss of data
